
****** PlanAhead v14.7 (64-bit)
  **** Build 321239 by xbuild on Fri Sep 27 19:24:36 MDT 2013
    ** Copyright 1986-1999, 2001-2013 Xilinx, Inc. All Rights Reserved.

INFO: [Common 17-78] Attempting to get a license: PlanAhead
INFO: [Common 17-290] Got license for PlanAhead
INFO: [Device 21-36] Loading parts and site information from /opt/Xilinx/14.7/ISE_DS/PlanAhead/data/parts/arch.xml
Parsing RTL primitives file [/opt/Xilinx/14.7/ISE_DS/PlanAhead/data/parts/xilinx/rtl/prims/rtl_prims.xml]
Finished parsing RTL primitives file [/opt/Xilinx/14.7/ISE_DS/PlanAhead/data/parts/xilinx/rtl/prims/rtl_prims.xml]
start_gui
source /home/linus/Documents/Xilinx/master_thesis/mb/pa.fromHdl.tcl
# create_project -name mb -dir "/home/linus/Documents/Xilinx/master_thesis/mb/planAhead_run_1" -part xc3s500efg320-4
# set_param project.pinAheadLayout yes
# set srcset [get_property srcset [current_run -impl]]
# set_property target_constrs_file "top_level.ucf" [current_fileset -constrset]
Adding file '/home/linus/Documents/Xilinx/master_thesis/mb/top_level.ucf' to fileset 'constrs_1'
# set hdlfile [add_files [list {ipcore_dir/microblaze_mcs.vhd}]]
# set_property file_type VHDL $hdlfile
# set_property library work $hdlfile
# set hdlfile [add_files [list {top_level.vhd}]]
# set_property file_type VHDL $hdlfile
# set_property library work $hdlfile
# set_property top top_level $srcset
# add_files [list {top_level.ucf}] -fileset [get_property constrset [current_run]]
# add_files [list {ipcore_dir/microblaze_mcs.ncf}] -fileset [get_property constrset [current_run]]
# open_rtl_design -part xc3s500efg320-4
Using Verific elaboration
Parsing VHDL file "/opt/Xilinx/14.7/ISE_DS/PlanAhead/data/parts/xilinx/rtl/lib/synplify/synattr.vhd" into library synplify
Parsing VHDL file "/opt/Xilinx/14.7/ISE_DS/PlanAhead/data/parts/xilinx/rtl/lib/synplify/synattr.vhd" into library synplify
Parsing VHDL file "/home/linus/Documents/Xilinx/master_thesis/mb/top_level.vhd" into library work
CRITICAL WARNING: [EDIF 20-96] Could not resolve non-primitive black box cell 'microblaze_mcs' instantiated as 'mcs_0' [/home/linus/Documents/Xilinx/master_thesis/mb/top_level.vhd:59]
Resolution: File names need to match cell names: an EDIF definition will be found in microblaze_mcs.edf; an HDL definition may be placed in any Verilog/VHDL file.
INFO: [Designutils 20-910] Reading macro library /opt/Xilinx/14.7/ISE_DS/PlanAhead/data/./parts/xilinx/spartan3e/spartan3e/hd_int_macros.edn
Parsing EDIF File [/opt/Xilinx/14.7/ISE_DS/PlanAhead/data/./parts/xilinx/spartan3e/spartan3e/hd_int_macros.edn]
Finished Parsing EDIF File [/opt/Xilinx/14.7/ISE_DS/PlanAhead/data/./parts/xilinx/spartan3e/spartan3e/hd_int_macros.edn]
Loading clock regions from /opt/Xilinx/14.7/ISE_DS/PlanAhead/data/parts/xilinx/spartan3e/spartan3e/xc3s500e/ClockRegion.xml
Loading clock buffers from /opt/Xilinx/14.7/ISE_DS/PlanAhead/data/parts/xilinx/spartan3e/spartan3e/xc3s500e/ClockBuffers.xml
Loading package from /opt/Xilinx/14.7/ISE_DS/PlanAhead/data/parts/xilinx/spartan3e/spartan3e/xc3s500e/fg320/Package.xml
Loading io standards from /opt/Xilinx/14.7/ISE_DS/PlanAhead/data/./parts/xilinx/spartan3e/IOStandards.xml
INFO: [Device 21-19] Loading pkg sso from /opt/Xilinx/14.7/ISE_DS/PlanAhead/data/parts/xilinx/spartan3e/spartan3e/xc3s500e/fg320/SSORules.xml
Loading list of drcs for the architecture : /opt/Xilinx/14.7/ISE_DS/PlanAhead/data/./parts/xilinx/spartan3e/spartan3e/drc.xml
INFO: [Timing 38-77] Reading timing library /opt/Xilinx/14.7/ISE_DS/PlanAhead/data/parts/xilinx/spartan3e/spartan3e/spartan3e-4.lib.
INFO: [Timing 38-34] Done reading timing library /opt/Xilinx/14.7/ISE_DS/PlanAhead/data/parts/xilinx/spartan3e/spartan3e/spartan3e-4.lib.
Parsing UCF File [/home/linus/Documents/Xilinx/master_thesis/mb/top_level.ucf]
Finished Parsing UCF File [/home/linus/Documents/Xilinx/master_thesis/mb/top_level.ucf]
INFO: [Project 1-111] Unisim Transformation Summary:
No Unisim elements were transformed.

Phase 0 | Netlist Checksum: ffa4b0fb
open_rtl_design: Time (s): cpu = 00:00:07 ; elapsed = 00:00:07 . Memory (MB): peak = 2816.270 ; gain = 94.855
update_compile_order -fileset sim_1
startgroup
set_property package_pin F9 [get_ports {GPO1[7]}]
endgroup
startgroup
set_property package_pin E9 [get_ports {GPO1[6]}]
endgroup
startgroup
set_property package_pin D11 [get_ports {GPO1[5]}]
endgroup
startgroup
set_property package_pin C11 [get_ports {GPO1[4]}]
endgroup
startgroup
set_property package_pin F11 [get_ports {GPO1[3]}]
endgroup
startgroup
set_property package_pin E11 [get_ports {GPO1[2]}]
endgroup
startgroup
set_property package_pin E12 [get_ports {GPO1[1]}]
endgroup
set_property package_pin "" [get_ports [list  {GPO1[0]}]]
set_property is_loc_fixed false [get_ports [list  {GPO1[2]}]]
startgroup
set_property package_pin A5 [get_ports {GPO1[0]}]
endgroup
startgroup
set_property package_pin E12 [get_ports {GPO1[1]}]
endgroup
startgroup
set_property package_pin F12 [get_ports {GPO1[0]}]
endgroup
set_property is_loc_fixed true [get_ports [list  {GPO1[2]}]]
startgroup
set_property package_pin C11 [get_ports {GPO1[4]}]
endgroup
set_property iostandard LVCMOS25 [get_ports [list {GPO1[7]} {GPO1[6]} {GPO1[5]} {GPO1[4]} {GPO1[3]} {GPO1[2]} {GPO1[1]} {GPO1[0]}]]
set_property iostandard LVTTL [get_ports [list {GPI1[7]} {GPI1[6]} {GPI1[5]} {GPI1[4]} {GPI1[3]} {GPI1[2]} {GPI1[1]} {GPI1[0]}]]
set_property iostandard LVTTL [get_ports [list {GPO1[7]} {GPO1[6]} {GPO1[5]} {GPO1[4]} {GPO1[3]} {GPO1[2]} {GPO1[1]} {GPO1[0]}]]
set_property iostandard LVTTL [get_ports [list Clk]]
set_property iostandard LVTTL [get_ports [list GPI1_Interrupt]]
set_property iostandard LVTTL [get_ports [list Reset]]
set_property iostandard LVTTL [get_ports [list UART_Rx]]
set_property iostandard LVTTL [get_ports [list UART_Tx]]
startgroup
set_property package_pin F5 [get_ports Clk]
endgroup
set_property package_pin "" [get_ports [list  {GPI1[2]}]]
set_property package_pin "" [get_ports [list  {GPI1[4]}]]
startgroup
set_property package_pin C9 [get_ports Clk]
endgroup
set_property package_pin "" [get_ports [list  GPI1_Interrupt]]
set_property package_pin "" [get_ports [list  GPI1_Interrupt]]
startgroup
set_property package_pin C7 [get_ports GPI1_Interrupt]
endgroup
startgroup
set_property package_pin D7 [get_ports Reset]
endgroup
set_property package_pin "" [get_ports [list  UART_Rx]]
startgroup
set_property package_pin C17 [get_ports Reset]
endgroup
set_property package_pin "" [get_ports [list  UART_Rx]]
startgroup
set_property package_pin D7 [get_ports Reset]
endgroup
set_property package_pin "" [get_ports [list  UART_Tx]]
startgroup
set_property package_pin R7 [get_ports UART_Rx]
endgroup
startgroup
set_property package_pin M14 [get_ports UART_Tx]
endgroup
set_property package_pin "" [get_ports [list  {GPI1[7]}]]
set_property package_pin "" [get_ports [list  {GPI1[7]}]]
set_property package_pin "" [get_ports [list  {GPI1[1]}]]
startgroup
set_property package_pin L13 [get_ports {GPI1[0]}]
endgroup
startgroup
set_property package_pin L14 [get_ports {GPI1[1]}]
endgroup
startgroup
set_property package_pin H18 [get_ports {GPI1[2]}]
endgroup
startgroup
set_property package_pin N17 [get_ports {GPI1[3]}]
endgroup
startgroup
set_property package_pin L4 [get_ports {GPI1[4]}]
endgroup
startgroup
set_property package_pin N17 [get_ports {GPI1[3]}]
endgroup
startgroup
set_property package_pin H13 [get_ports {GPI1[4]}]
endgroup
startgroup
set_property package_pin U4 [get_ports {GPI1[5]}]
endgroup
startgroup
set_property package_pin D18 [get_ports {GPI1[6]}]
endgroup
startgroup
set_property package_pin K17 [get_ports {GPI1[7]}]
endgroup
startgroup
set_property package_pin N17 [get_ports {GPI1[3]}]
endgroup
startgroup
set_property package_pin U4 [get_ports {GPI1[5]}]
endgroup
save_constraints
exit
ERROR: [Common 17-39] 'stop_gui' failed due to earlier errors.
INFO: [Common 17-206] Exiting PlanAhead at Tue Nov 24 07:56:39 2020...
INFO: [Common 17-83] Releasing license: PlanAhead
