Release 14.7 - xst P.20131013 (lin64)
Copyright (c) 1995-2013 Xilinx, Inc.  All rights reserved.
--> 
Parameter TMPDIR set to xst/projnav.tmp


Total REAL time to Xst completion: 0.00 secs
Total CPU time to Xst completion: 0.04 secs
 
--> 
Parameter xsthdpdir set to xst


Total REAL time to Xst completion: 0.00 secs
Total CPU time to Xst completion: 0.04 secs
 
--> 
Reading design: top_level.prj

TABLE OF CONTENTS
  1) Synthesis Options Summary
  2) HDL Compilation
  3) Design Hierarchy Analysis
  4) HDL Analysis
  5) HDL Synthesis
     5.1) HDL Synthesis Report
  6) Advanced HDL Synthesis
     6.1) Advanced HDL Synthesis Report
  7) Low Level Synthesis
  8) Partition Report
  9) Final Report
	9.1) Device utilization summary
	9.2) Partition Resource Summary
	9.3) TIMING REPORT


=========================================================================
*                      Synthesis Options Summary                        *
=========================================================================
---- Source Parameters
Input File Name                    : "top_level.prj"
Input Format                       : mixed
Ignore Synthesis Constraint File   : NO

---- Target Parameters
Output File Name                   : "top_level"
Output Format                      : NGC
Target Device                      : xc3s500e-4-fg320

---- Source Options
Top Module Name                    : top_level
Automatic FSM Extraction           : YES
FSM Encoding Algorithm             : Auto
Safe Implementation                : No
FSM Style                          : LUT
RAM Extraction                     : Yes
RAM Style                          : Auto
ROM Extraction                     : Yes
Mux Style                          : Auto
Decoder Extraction                 : YES
Priority Encoder Extraction        : Yes
Shift Register Extraction          : YES
Logical Shifter Extraction         : YES
XOR Collapsing                     : YES
ROM Style                          : Auto
Mux Extraction                     : Yes
Resource Sharing                   : YES
Asynchronous To Synchronous        : NO
Multiplier Style                   : Auto
Automatic Register Balancing       : No

---- Target Options
Add IO Buffers                     : YES
Global Maximum Fanout              : 100000
Add Generic Clock Buffer(BUFG)     : 24
Register Duplication               : YES
Slice Packing                      : YES
Optimize Instantiated Primitives   : NO
Use Clock Enable                   : Yes
Use Synchronous Set                : Yes
Use Synchronous Reset              : Yes
Pack IO Registers into IOBs        : Auto
Equivalent register Removal        : YES

---- General Options
Optimization Goal                  : Speed
Optimization Effort                : 1
Keep Hierarchy                     : No
Netlist Hierarchy                  : As_Optimized
RTL Output                         : Yes
Global Optimization                : AllClockNets
Read Cores                         : YES
Write Timing Constraints           : NO
Cross Clock Analysis               : NO
Hierarchy Separator                : /
Bus Delimiter                      : <>
Case Specifier                     : Maintain
Slice Utilization Ratio            : 100
BRAM Utilization Ratio             : 100
Verilog 2001                       : YES
Auto BRAM Packing                  : NO
Slice Utilization Ratio Delta      : 5

=========================================================================


=========================================================================
*                          HDL Compilation                              *
=========================================================================
Compiling vhdl file "/home/linus/Documents/Xilinx/profile/top_level.vhd" in Library work.
Entity <top_level> compiled.
Entity <top_level> (Architecture <behavioral>) compiled.

=========================================================================
*                     Design Hierarchy Analysis                         *
=========================================================================
Analyzing hierarchy for entity <top_level> in library <work> (architecture <behavioral>).


=========================================================================
*                            HDL Analysis                               *
=========================================================================
Analyzing Entity <top_level> in library <work> (Architecture <behavioral>).
Entity <top_level> analyzed. Unit <top_level> generated.


=========================================================================
*                           HDL Synthesis                               *
=========================================================================

Performing bidirectional port resolution...

Synthesizing Unit <top_level>.
    Related source file is "/home/linus/Documents/Xilinx/profile/top_level.vhd".
    Found 8-bit register for signal <LEDs>.
    Found 32-bit register for signal <a>.
    Found 32-bit comparator greatequal for signal <a$cmp_ge0000> created at line 66.
    Found 32-bit comparator greatequal for signal <a$cmp_ge0001> created at line 59.
    Found 32-bit comparator greatequal for signal <a$cmp_ge0002> created at line 53.
    Found 32-bit comparator lessequal for signal <a$cmp_le0000> created at line 51.
    Found 32-bit comparator less for signal <a$cmp_lt0000> created at line 73.
    Found 32-bit comparator less for signal <a$cmp_lt0001> created at line 70.
    Found 32-bit comparator less for signal <a$cmp_lt0002> created at line 66.
    Found 32-bit comparator less for signal <a$cmp_lt0003> created at line 63.
    Found 32-bit comparator less for signal <a$cmp_lt0004> created at line 59.
    Found 32-bit comparator less for signal <a$cmp_lt0005> created at line 56.
    Found 32-bit comparator less for signal <a$cmp_lt0006> created at line 53.
    Found 32-bit addsub for signal <a$mux0001>.
    Found 32-bit up counter for signal <counter>.
    Found 32-bit comparator greater for signal <counter$cmp_gt0000> created at line 51.
    Found 32-bit comparator greater for signal <LEDs_0$cmp_gt0000> created at line 93.
    Found 32-bit comparator greater for signal <LEDs_1$cmp_gt0000> created at line 96.
    Found 32-bit comparator greater for signal <LEDs_2$cmp_gt0000> created at line 99.
    Found 32-bit comparator greater for signal <LEDs_3$cmp_gt0000> created at line 102.
    Found 32-bit comparator greater for signal <LEDs_4$cmp_gt0000> created at line 105.
    Found 32-bit comparator greater for signal <LEDs_5$cmp_gt0000> created at line 108.
    Found 32-bit comparator greater for signal <LEDs_6$cmp_gt0000> created at line 111.
    Found 32-bit comparator less for signal <LEDs_7$cmp_lt0000> created at line 89.
    Found 32-bit comparator less for signal <LEDs_7$cmp_lt0001> created at line 115.
    Found 32-bit register for signal <t>.
    Found 32-bit adder for signal <t$mux0007>.
    Found 32-bit register for signal <v>.
    Found 32-bit adder for signal <v$mux0007>.
    Found 32-bit register for signal <x>.
    Found 32-bit adder for signal <x$add0000>.
    Found 32-bit adder for signal <x$addsub0000>.
    Found 32-bit adder for signal <x$addsub0001>.
    Found 32-bit adder for signal <x$mux0008>.
    Summary:
	inferred   1 Counter(s).
	inferred 136 D-type flip-flop(s).
	inferred   7 Adder/Subtractor(s).
	inferred  21 Comparator(s).
Unit <top_level> synthesized.

INFO:Xst:1767 - HDL ADVISOR - Resource sharing has identified that some arithmetic operations in this design can share the same physical resources for reduced device utilization. For improved clock frequency you may try to disable resource sharing.

=========================================================================
HDL Synthesis Report

Macro Statistics
# Adders/Subtractors                                   : 4
 32-bit adder                                          : 3
 32-bit addsub                                         : 1
# Counters                                             : 1
 32-bit up counter                                     : 1
# Registers                                            : 11
 1-bit register                                        : 8
 32-bit register                                       : 3
# Comparators                                          : 21
 32-bit comparator greatequal                          : 3
 32-bit comparator greater                             : 8
 32-bit comparator less                                : 9
 32-bit comparator lessequal                           : 1

=========================================================================

=========================================================================
*                       Advanced HDL Synthesis                          *
=========================================================================


Synthesizing (advanced) Unit <top_level>.
The following registers are absorbed into accumulator <v>: 1 register on signal <v>.
Unit <top_level> synthesized (advanced).

=========================================================================
Advanced HDL Synthesis Report

Macro Statistics
# Adders/Subtractors                                   : 2
 32-bit adder                                          : 1
 32-bit addsub                                         : 1
# Counters                                             : 1
 32-bit up counter                                     : 1
# Accumulators                                         : 1
 32-bit up accumulator                                 : 1
# Registers                                            : 72
 Flip-Flops                                            : 72
# Comparators                                          : 21
 32-bit comparator greatequal                          : 3
 32-bit comparator greater                             : 8
 32-bit comparator less                                : 9
 32-bit comparator lessequal                           : 1

=========================================================================

=========================================================================
*                         Low Level Synthesis                           *
=========================================================================

Optimizing unit <top_level> ...

Mapping all equations...
Building and optimizing final netlist ...
Found area constraint ratio of 100 (+ 5) on block top_level, actual ratio is 4.

Final Macro Processing ...

=========================================================================
Final Register Report

Macro Statistics
# Registers                                            : 136
 Flip-Flops                                            : 136

=========================================================================

=========================================================================
*                           Partition Report                            *
=========================================================================

Partition Implementation Status
-------------------------------

  No Partitions were found in this design.

-------------------------------

=========================================================================
*                            Final Report                               *
=========================================================================
Final Results
RTL Top Level Output File Name     : top_level.ngr
Top Level Output File Name         : top_level
Output Format                      : NGC
Optimization Goal                  : Speed
Keep Hierarchy                     : No

Design Statistics
# IOs                              : 10

Cell Usage :
# BELS                             : 850
#      GND                         : 1
#      INV                         : 60
#      LUT1                        : 111
#      LUT2                        : 109
#      LUT3                        : 21
#      LUT4                        : 63
#      LUT4_L                      : 1
#      MUXCY                       : 354
#      MUXF5                       : 1
#      VCC                         : 1
#      XORCY                       : 128
# FlipFlops/Latches                : 136
#      FDE                         : 1
#      FDR                         : 39
#      FDRE                        : 96
# Clock Buffers                    : 1
#      BUFGP                       : 1
# IO Buffers                       : 9
#      IBUF                        : 1
#      OBUF                        : 8
=========================================================================

Device utilization summary:
---------------------------

Selected Device : 3s500efg320-4 

 Number of Slices:                      211  out of   4656     4%  
 Number of Slice Flip Flops:            136  out of   9312     1%  
 Number of 4 input LUTs:                365  out of   9312     3%  
 Number of IOs:                          10
 Number of bonded IOBs:                  10  out of    232     4%  
 Number of GCLKs:                         1  out of     24     4%  

---------------------------
Partition Resource Summary:
---------------------------

  No Partitions were found in this design.

---------------------------


=========================================================================
TIMING REPORT

NOTE: THESE TIMING NUMBERS ARE ONLY A SYNTHESIS ESTIMATE.
      FOR ACCURATE TIMING INFORMATION PLEASE REFER TO THE TRACE REPORT
      GENERATED AFTER PLACE-and-ROUTE.

Clock Information:
------------------
-----------------------------------+------------------------+-------+
Clock Signal                       | Clock buffer(FF name)  | Load  |
-----------------------------------+------------------------+-------+
CLK_50MHz                          | BUFGP                  | 136   |
-----------------------------------+------------------------+-------+

Asynchronous Control Signals Information:
----------------------------------------
No asynchronous control signals found in this design

Timing Summary:
---------------
Speed Grade: -4

   Minimum period: 8.608ns (Maximum Frequency: 116.169MHz)
   Minimum input arrival time before clock: 2.825ns
   Maximum output required time after clock: 4.283ns
   Maximum combinational path delay: No path found

Timing Detail:
--------------
All values displayed in nanoseconds (ns)

=========================================================================
Timing constraint: Default period analysis for Clock 'CLK_50MHz'
  Clock period: 8.608ns (frequency: 116.169MHz)
  Total number of paths / destination ports: 51243 / 361
-------------------------------------------------------------------------
Delay:               8.608ns (Levels of Logic = 46)
  Source:            t_3 (FF)
  Destination:       a_31 (FF)
  Source Clock:      CLK_50MHz rising
  Destination Clock: CLK_50MHz rising

  Data Path: t_3 to a_31
                                Gate     Net
    Cell:in->out      fanout   Delay   Delay  Logical Name (Net Name)
    ----------------------------------------  ------------
     FDRE:C->Q             5   0.591   0.808  t_3 (t_3)
     LUT2:I0->O            1   0.704   0.000  Mcompar_a_cmp_lt0001_lut<0>3 (Mcompar_a_cmp_lt0001_lut<0>3)
     MUXCY:S->O            1   0.464   0.000  Mcompar_a_cmp_lt0001_cy<0>_3 (Mcompar_a_cmp_lt0001_cy<0>4)
     MUXCY:CI->O           1   0.059   0.000  Mcompar_a_cmp_lt0001_cy<1>_3 (Mcompar_a_cmp_lt0001_cy<1>4)
     MUXCY:CI->O           1   0.059   0.000  Mcompar_a_cmp_lt0001_cy<2>_3 (Mcompar_a_cmp_lt0001_cy<2>4)
     MUXCY:CI->O           1   0.059   0.000  Mcompar_a_cmp_lt0001_cy<3>_3 (Mcompar_a_cmp_lt0001_cy<3>4)
     MUXCY:CI->O           1   0.059   0.000  Mcompar_a_cmp_lt0001_cy<4>_3 (Mcompar_a_cmp_lt0001_cy<4>4)
     MUXCY:CI->O           1   0.059   0.000  Mcompar_a_cmp_lt0001_cy<5>_3 (Mcompar_a_cmp_lt0001_cy<5>4)
     MUXCY:CI->O           1   0.059   0.000  Mcompar_a_cmp_lt0001_cy<6>_3 (Mcompar_a_cmp_lt0001_cy<6>4)
     MUXCY:CI->O           1   0.059   0.000  Mcompar_a_cmp_lt0001_cy<7>_3 (Mcompar_a_cmp_lt0001_cy<7>4)
     MUXCY:CI->O           1   0.059   0.000  Mcompar_a_cmp_lt0001_cy<8>_3 (Mcompar_a_cmp_lt0001_cy<8>4)
     MUXCY:CI->O           1   0.059   0.000  Mcompar_a_cmp_lt0001_cy<9>_3 (Mcompar_a_cmp_lt0001_cy<9>4)
     MUXCY:CI->O           1   0.059   0.000  Mcompar_a_cmp_lt0001_cy<10>_3 (Mcompar_a_cmp_lt0001_cy<10>4)
     MUXCY:CI->O          35   0.059   1.342  Mcompar_a_cmp_lt0001_cy<11>_2 (Mcompar_a_cmp_lt0001_cy<11>3)
     LUT2:I1->O            1   0.704   0.000  Maddsub_a_mux0001_lut<0> (Maddsub_a_mux0001_lut<0>)
     MUXCY:S->O            1   0.464   0.000  Maddsub_a_mux0001_cy<0> (Maddsub_a_mux0001_cy<0>)
     MUXCY:CI->O           1   0.059   0.000  Maddsub_a_mux0001_cy<1> (Maddsub_a_mux0001_cy<1>)
     MUXCY:CI->O           1   0.059   0.000  Maddsub_a_mux0001_cy<2> (Maddsub_a_mux0001_cy<2>)
     MUXCY:CI->O           1   0.059   0.000  Maddsub_a_mux0001_cy<3> (Maddsub_a_mux0001_cy<3>)
     MUXCY:CI->O           1   0.059   0.000  Maddsub_a_mux0001_cy<4> (Maddsub_a_mux0001_cy<4>)
     MUXCY:CI->O           1   0.059   0.000  Maddsub_a_mux0001_cy<5> (Maddsub_a_mux0001_cy<5>)
     MUXCY:CI->O           1   0.059   0.000  Maddsub_a_mux0001_cy<6> (Maddsub_a_mux0001_cy<6>)
     MUXCY:CI->O           1   0.059   0.000  Maddsub_a_mux0001_cy<7> (Maddsub_a_mux0001_cy<7>)
     MUXCY:CI->O           1   0.059   0.000  Maddsub_a_mux0001_cy<8> (Maddsub_a_mux0001_cy<8>)
     MUXCY:CI->O           1   0.059   0.000  Maddsub_a_mux0001_cy<9> (Maddsub_a_mux0001_cy<9>)
     MUXCY:CI->O           1   0.059   0.000  Maddsub_a_mux0001_cy<10> (Maddsub_a_mux0001_cy<10>)
     MUXCY:CI->O           1   0.059   0.000  Maddsub_a_mux0001_cy<11> (Maddsub_a_mux0001_cy<11>)
     MUXCY:CI->O           1   0.059   0.000  Maddsub_a_mux0001_cy<12> (Maddsub_a_mux0001_cy<12>)
     MUXCY:CI->O           1   0.059   0.000  Maddsub_a_mux0001_cy<13> (Maddsub_a_mux0001_cy<13>)
     MUXCY:CI->O           1   0.059   0.000  Maddsub_a_mux0001_cy<14> (Maddsub_a_mux0001_cy<14>)
     MUXCY:CI->O           1   0.059   0.000  Maddsub_a_mux0001_cy<15> (Maddsub_a_mux0001_cy<15>)
     MUXCY:CI->O           1   0.059   0.000  Maddsub_a_mux0001_cy<16> (Maddsub_a_mux0001_cy<16>)
     MUXCY:CI->O           1   0.059   0.000  Maddsub_a_mux0001_cy<17> (Maddsub_a_mux0001_cy<17>)
     MUXCY:CI->O           1   0.059   0.000  Maddsub_a_mux0001_cy<18> (Maddsub_a_mux0001_cy<18>)
     MUXCY:CI->O           1   0.059   0.000  Maddsub_a_mux0001_cy<19> (Maddsub_a_mux0001_cy<19>)
     MUXCY:CI->O           1   0.059   0.000  Maddsub_a_mux0001_cy<20> (Maddsub_a_mux0001_cy<20>)
     MUXCY:CI->O           1   0.059   0.000  Maddsub_a_mux0001_cy<21> (Maddsub_a_mux0001_cy<21>)
     MUXCY:CI->O           1   0.059   0.000  Maddsub_a_mux0001_cy<22> (Maddsub_a_mux0001_cy<22>)
     MUXCY:CI->O           1   0.059   0.000  Maddsub_a_mux0001_cy<23> (Maddsub_a_mux0001_cy<23>)
     MUXCY:CI->O           1   0.059   0.000  Maddsub_a_mux0001_cy<24> (Maddsub_a_mux0001_cy<24>)
     MUXCY:CI->O           1   0.059   0.000  Maddsub_a_mux0001_cy<25> (Maddsub_a_mux0001_cy<25>)
     MUXCY:CI->O           1   0.059   0.000  Maddsub_a_mux0001_cy<26> (Maddsub_a_mux0001_cy<26>)
     MUXCY:CI->O           1   0.059   0.000  Maddsub_a_mux0001_cy<27> (Maddsub_a_mux0001_cy<27>)
     MUXCY:CI->O           1   0.059   0.000  Maddsub_a_mux0001_cy<28> (Maddsub_a_mux0001_cy<28>)
     MUXCY:CI->O           1   0.059   0.000  Maddsub_a_mux0001_cy<29> (Maddsub_a_mux0001_cy<29>)
     MUXCY:CI->O           0   0.059   0.000  Maddsub_a_mux0001_cy<30> (Maddsub_a_mux0001_cy<30>)
     XORCY:CI->O           1   0.804   0.000  Maddsub_a_mux0001_xor<31> (a_mux0001<31>)
     FDRE:D                    0.308          a_31
    ----------------------------------------
    Total                      8.608ns (6.458ns logic, 2.150ns route)
                                       (75.0% logic, 25.0% route)

=========================================================================
Timing constraint: Default OFFSET IN BEFORE for Clock 'CLK_50MHz'
  Total number of paths / destination ports: 1 / 1
-------------------------------------------------------------------------
Offset:              2.825ns (Levels of Logic = 2)
  Source:            SW0 (PAD)
  Destination:       LEDs_7 (FF)
  Destination Clock: CLK_50MHz rising

  Data Path: SW0 to LEDs_7
                                Gate     Net
    Cell:in->out      fanout   Delay   Delay  Logical Name (Net Name)
    ----------------------------------------  ------------
     IBUF:I->O             1   1.218   0.595  SW0_IBUF (SW0_IBUF)
     LUT2:I0->O            1   0.704   0.000  LEDs_7_mux00001 (LEDs_7_mux0000)
     FDE:D                     0.308          LEDs_7
    ----------------------------------------
    Total                      2.825ns (2.230ns logic, 0.595ns route)
                                       (78.9% logic, 21.1% route)

=========================================================================
Timing constraint: Default OFFSET OUT AFTER for Clock 'CLK_50MHz'
  Total number of paths / destination ports: 8 / 8
-------------------------------------------------------------------------
Offset:              4.283ns (Levels of Logic = 1)
  Source:            LEDs_7 (FF)
  Destination:       LEDs<7> (PAD)
  Source Clock:      CLK_50MHz rising

  Data Path: LEDs_7 to LEDs<7>
                                Gate     Net
    Cell:in->out      fanout   Delay   Delay  Logical Name (Net Name)
    ----------------------------------------  ------------
     FDE:C->Q              1   0.591   0.420  LEDs_7 (LEDs_7)
     OBUF:I->O                 3.272          LEDs_7_OBUF (LEDs<7>)
    ----------------------------------------
    Total                      4.283ns (3.863ns logic, 0.420ns route)
                                       (90.2% logic, 9.8% route)

=========================================================================


Total REAL time to Xst completion: 4.00 secs
Total CPU time to Xst completion: 3.60 secs
 
--> 


Total memory usage is 519560 kilobytes

Number of errors   :    0 (   0 filtered)
Number of warnings :    0 (   0 filtered)
Number of infos    :    1 (   0 filtered)

