Release 14.7 - xst P.20131013 (lin64)
Copyright (c) 1995-2013 Xilinx, Inc.  All rights reserved.
--> 
Parameter TMPDIR set to xst/projnav.tmp


Total REAL time to Xst completion: 0.00 secs
Total CPU time to Xst completion: 0.05 secs
 
--> 
Parameter xsthdpdir set to xst


Total REAL time to Xst completion: 0.00 secs
Total CPU time to Xst completion: 0.05 secs
 
--> 
Reading design: top_level.prj

TABLE OF CONTENTS
  1) Synthesis Options Summary
  2) HDL Compilation
  3) Design Hierarchy Analysis
  4) HDL Analysis
  5) HDL Synthesis
     5.1) HDL Synthesis Report
  6) Advanced HDL Synthesis
     6.1) Advanced HDL Synthesis Report
  7) Low Level Synthesis
  8) Partition Report
  9) Final Report
	9.1) Device utilization summary
	9.2) Partition Resource Summary
	9.3) TIMING REPORT


=========================================================================
*                      Synthesis Options Summary                        *
=========================================================================
---- Source Parameters
Input File Name                    : "top_level.prj"
Input Format                       : mixed
Ignore Synthesis Constraint File   : NO

---- Target Parameters
Output File Name                   : "top_level"
Output Format                      : NGC
Target Device                      : xc3s500e-4-fg320

---- Source Options
Top Module Name                    : top_level
Automatic FSM Extraction           : YES
FSM Encoding Algorithm             : Auto
Safe Implementation                : No
FSM Style                          : LUT
RAM Extraction                     : Yes
RAM Style                          : Auto
ROM Extraction                     : Yes
Mux Style                          : Auto
Decoder Extraction                 : YES
Priority Encoder Extraction        : Yes
Shift Register Extraction          : YES
Logical Shifter Extraction         : YES
XOR Collapsing                     : YES
ROM Style                          : Auto
Mux Extraction                     : Yes
Resource Sharing                   : YES
Asynchronous To Synchronous        : NO
Multiplier Style                   : Auto
Automatic Register Balancing       : No

---- Target Options
Add IO Buffers                     : YES
Global Maximum Fanout              : 500
Add Generic Clock Buffer(BUFG)     : 24
Register Duplication               : YES
Slice Packing                      : YES
Optimize Instantiated Primitives   : NO
Use Clock Enable                   : Yes
Use Synchronous Set                : Yes
Use Synchronous Reset              : Yes
Pack IO Registers into IOBs        : Auto
Equivalent register Removal        : YES

---- General Options
Optimization Goal                  : Speed
Optimization Effort                : 1
Keep Hierarchy                     : No
Netlist Hierarchy                  : As_Optimized
RTL Output                         : Yes
Global Optimization                : AllClockNets
Read Cores                         : YES
Write Timing Constraints           : NO
Cross Clock Analysis               : NO
Hierarchy Separator                : /
Bus Delimiter                      : <>
Case Specifier                     : Maintain
Slice Utilization Ratio            : 100
BRAM Utilization Ratio             : 100
Verilog 2001                       : YES
Auto BRAM Packing                  : NO
Slice Utilization Ratio Delta      : 5

=========================================================================


=========================================================================
*                          HDL Compilation                              *
=========================================================================
Compiling vhdl file "/home/linus/Documents/Xilinx/master_thesis/uart2/basic_uart.vhd" in Library work.
Architecture behavioral of Entity basic_uart is up to date.
Compiling vhdl file "/home/linus/Documents/Xilinx/master_thesis/uart2/top_level.vhd" in Library work.
Entity <top_level> compiled.
Entity <top_level> (Architecture <behavioral>) compiled.

=========================================================================
*                     Design Hierarchy Analysis                         *
=========================================================================
Analyzing hierarchy for entity <top_level> in library <work> (architecture <behavioral>).

Analyzing hierarchy for entity <basic_uart> in library <work> (architecture <behavioral>) with generics.
	DIVISOR = 325


=========================================================================
*                            HDL Analysis                               *
=========================================================================
Analyzing Entity <top_level> in library <work> (Architecture <behavioral>).
Entity <top_level> analyzed. Unit <top_level> generated.

Analyzing generic Entity <basic_uart> in library <work> (Architecture <behavioral>).
	DIVISOR = 325
WARNING:Xst:1610 - "/home/linus/Documents/Xilinx/master_thesis/uart2/basic_uart.vhd" line 150: Width mismatch. <tx_state_next.nbits> has a width of 4 bits but assigned expression is 5-bit wide.
Entity <basic_uart> analyzed. Unit <basic_uart> generated.


=========================================================================
*                           HDL Synthesis                               *
=========================================================================

Performing bidirectional port resolution...

Synthesizing Unit <basic_uart>.
    Related source file is "/home/linus/Documents/Xilinx/master_thesis/uart2/basic_uart.vhd".
    Found 8-bit register for signal <rx_state.bits>.
    Found 4-bit up counter for signal <rx_state.counter>.
    Found 1-bit register for signal <rx_state.enable>.
    Found 1-bit register for signal <rx_state.fsm_state<0>>.
    Found 4-bit up counter for signal <rx_state.nbits>.
    Found 1-bit register for signal <sample>.
    Found 9-bit up counter for signal <sample_counter>.
    Found 9-bit register for signal <tx_state.bits>.
    Found 4-bit up counter for signal <tx_state.counter>.
    Found 1-bit register for signal <tx_state.fsm_state<0>>.
    Found 4-bit register for signal <tx_state.nbits>.
    Found 4-bit subtractor for signal <tx_state.nbits$addsub0000> created at line 177.
    Found 1-bit register for signal <tx_state.ready>.
    Summary:
	inferred   4 Counter(s).
	inferred  26 D-type flip-flop(s).
	inferred   1 Adder/Subtractor(s).
Unit <basic_uart> synthesized.


Synthesizing Unit <top_level>.
    Related source file is "/home/linus/Documents/Xilinx/master_thesis/uart2/top_level.vhd".
    Found finite state machine <FSM_0> for signal <state.fsm_state>.
    -----------------------------------------------------------------------
    | States             | 3                                              |
    | Transitions        | 6                                              |
    | Inputs             | 2                                              |
    | Outputs            | 4                                              |
    | Clock              | sys_clk                   (rising_edge)        |
    | Reset              | reset                     (positive)           |
    | Reset type         | asynchronous                                   |
    | Reset State        | 00                                             |
    | Encoding           | automatic                                      |
    | Implementation     | LUT                                            |
    -----------------------------------------------------------------------
    Found 8-bit register for signal <state.tx_data>.
    Found 1-bit register for signal <state.tx_enable>.
    Summary:
	inferred   1 Finite State Machine(s).
	inferred   9 D-type flip-flop(s).
Unit <top_level> synthesized.


=========================================================================
HDL Synthesis Report

Macro Statistics
# Adders/Subtractors                                   : 1
 4-bit subtractor                                      : 1
# Counters                                             : 4
 4-bit up counter                                      : 3
 9-bit up counter                                      : 1
# Registers                                            : 10
 1-bit register                                        : 6
 4-bit register                                        : 1
 8-bit register                                        : 2
 9-bit register                                        : 1

=========================================================================

=========================================================================
*                       Advanced HDL Synthesis                          *
=========================================================================

Analyzing FSM <FSM_0> for best encoding.
Optimizing FSM <state.fsm_state/FSM> on signal <state.fsm_state[1:2]> with gray encoding.
-------------------
 State | Encoding
-------------------
 00    | 00
 01    | 01
 10    | 11
-------------------

=========================================================================
Advanced HDL Synthesis Report

Macro Statistics
# FSMs                                                 : 1
# Adders/Subtractors                                   : 1
 4-bit subtractor                                      : 1
# Counters                                             : 4
 4-bit up counter                                      : 3
 9-bit up counter                                      : 1
# Registers                                            : 35
 Flip-Flops                                            : 35

=========================================================================

=========================================================================
*                         Low Level Synthesis                           *
=========================================================================

Optimizing unit <top_level> ...

Optimizing unit <basic_uart> ...

Mapping all equations...
Building and optimizing final netlist ...
Found area constraint ratio of 100 (+ 5) on block top_level, actual ratio is 1.

Final Macro Processing ...

=========================================================================
Final Register Report

Macro Statistics
# Registers                                            : 58
 Flip-Flops                                            : 58

=========================================================================

=========================================================================
*                           Partition Report                            *
=========================================================================

Partition Implementation Status
-------------------------------

  No Partitions were found in this design.

-------------------------------

=========================================================================
*                            Final Report                               *
=========================================================================
Final Results
RTL Top Level Output File Name     : top_level.ngr
Top Level Output File Name         : top_level
Output Format                      : NGC
Optimization Goal                  : Speed
Keep Hierarchy                     : No

Design Statistics
# IOs                              : 14

Cell Usage :
# BELS                             : 108
#      GND                         : 1
#      INV                         : 2
#      LUT1                        : 8
#      LUT2                        : 28
#      LUT2_D                      : 1
#      LUT2_L                      : 1
#      LUT3                        : 9
#      LUT3_D                      : 1
#      LUT4                        : 30
#      LUT4_D                      : 2
#      LUT4_L                      : 5
#      MUXCY                       : 8
#      MUXF5                       : 2
#      VCC                         : 1
#      XORCY                       : 9
# FlipFlops/Latches                : 58
#      FDC                         : 15
#      FDCE                        : 25
#      FDE                         : 8
#      FDPE                        : 10
# Clock Buffers                    : 1
#      BUFGP                       : 1
# IO Buffers                       : 13
#      IBUF                        : 2
#      OBUF                        : 11
=========================================================================

Device utilization summary:
---------------------------

Selected Device : 3s500efg320-4 

 Number of Slices:                       48  out of   4656     1%  
 Number of Slice Flip Flops:             58  out of   9312     0%  
 Number of 4 input LUTs:                 87  out of   9312     0%  
 Number of IOs:                          14
 Number of bonded IOBs:                  14  out of    232     6%  
 Number of GCLKs:                         1  out of     24     4%  

---------------------------
Partition Resource Summary:
---------------------------

  No Partitions were found in this design.

---------------------------


=========================================================================
TIMING REPORT

NOTE: THESE TIMING NUMBERS ARE ONLY A SYNTHESIS ESTIMATE.
      FOR ACCURATE TIMING INFORMATION PLEASE REFER TO THE TRACE REPORT
      GENERATED AFTER PLACE-and-ROUTE.

Clock Information:
------------------
-----------------------------------+------------------------+-------+
Clock Signal                       | Clock buffer(FF name)  | Load  |
-----------------------------------+------------------------+-------+
sys_clk                            | BUFGP                  | 58    |
-----------------------------------+------------------------+-------+

Asynchronous Control Signals Information:
----------------------------------------
-----------------------------------+--------------------------------------+-------+
Control Signal                     | Buffer(FF name)                      | Load  |
-----------------------------------+--------------------------------------+-------+
reset(reset1_INV_0:O)              | NONE(basic_uart_inst/rx_state.bits_0)| 50    |
-----------------------------------+--------------------------------------+-------+

Timing Summary:
---------------
Speed Grade: -4

   Minimum period: 5.577ns (Maximum Frequency: 179.308MHz)
   Minimum input arrival time before clock: 3.770ns
   Maximum output required time after clock: 4.683ns
   Maximum combinational path delay: No path found

Timing Detail:
--------------
All values displayed in nanoseconds (ns)

=========================================================================
Timing constraint: Default period analysis for Clock 'sys_clk'
  Clock period: 5.577ns (frequency: 179.308MHz)
  Total number of paths / destination ports: 587 / 101
-------------------------------------------------------------------------
Delay:               5.577ns (Levels of Logic = 3)
  Source:            basic_uart_inst/tx_state.counter_1 (FF)
  Destination:       basic_uart_inst/tx_state.bits_8 (FF)
  Source Clock:      sys_clk rising
  Destination Clock: sys_clk rising

  Data Path: basic_uart_inst/tx_state.counter_1 to basic_uart_inst/tx_state.bits_8
                                Gate     Net
    Cell:in->out      fanout   Delay   Delay  Logical Name (Net Name)
    ----------------------------------------  ------------
     FDE:C->Q              3   0.591   0.706  basic_uart_inst/tx_state.counter_1 (basic_uart_inst/tx_state.counter_1)
     LUT2_D:I0->O          2   0.704   0.451  basic_uart_inst/Mcount_tx_state.counter_xor<2>111 (basic_uart_inst/N41)
     LUT4_D:I3->LO         1   0.704   0.179  basic_uart_inst/tx_state_ready_not000111 (N22)
     LUT2:I1->O           13   0.704   0.983  basic_uart_inst/tx_state_nbits_not00021 (basic_uart_inst/tx_state_nbits_not0002)
     FDCE:CE                   0.555          basic_uart_inst/tx_state.nbits_0
    ----------------------------------------
    Total                      5.577ns (3.258ns logic, 2.319ns route)
                                       (58.4% logic, 41.6% route)

=========================================================================
Timing constraint: Default OFFSET IN BEFORE for Clock 'sys_clk'
  Total number of paths / destination ports: 11 / 11
-------------------------------------------------------------------------
Offset:              3.770ns (Levels of Logic = 2)
  Source:            reset_btn (PAD)
  Destination:       basic_uart_inst/tx_state.counter_3 (FF)
  Destination Clock: sys_clk rising

  Data Path: reset_btn to basic_uart_inst/tx_state.counter_3
                                Gate     Net
    Cell:in->out      fanout   Delay   Delay  Logical Name (Net Name)
    ----------------------------------------  ------------
     IBUF:I->O             3   1.218   0.706  reset_btn_IBUF (reset_btn_IBUF)
     LUT3:I0->O            4   0.704   0.587  basic_uart_inst/tx_state_counter_and00001 (basic_uart_inst/tx_state_counter_and0000)
     FDE:CE                    0.555          basic_uart_inst/tx_state.counter_0
    ----------------------------------------
    Total                      3.770ns (2.477ns logic, 1.293ns route)
                                       (65.7% logic, 34.3% route)

=========================================================================
Timing constraint: Default OFFSET OUT AFTER for Clock 'sys_clk'
  Total number of paths / destination ports: 11 / 11
-------------------------------------------------------------------------
Offset:              4.683ns (Levels of Logic = 1)
  Source:            state.tx_enable (FF)
  Destination:       pmod_1 (PAD)
  Source Clock:      sys_clk rising

  Data Path: state.tx_enable to pmod_1
                                Gate     Net
    Cell:in->out      fanout   Delay   Delay  Logical Name (Net Name)
    ----------------------------------------  ------------
     FDC:C->Q              9   0.591   0.820  state.tx_enable (state.tx_enable)
     OBUF:I->O                 3.272          pmod_1_OBUF (pmod_1)
    ----------------------------------------
    Total                      4.683ns (3.863ns logic, 0.820ns route)
                                       (82.5% logic, 17.5% route)

=========================================================================


Total REAL time to Xst completion: 4.00 secs
Total CPU time to Xst completion: 3.49 secs
 
--> 


Total memory usage is 514080 kilobytes

Number of errors   :    0 (   0 filtered)
Number of warnings :    1 (   0 filtered)
Number of infos    :    0 (   0 filtered)

