Release 14.7 - xst P.20131013 (lin64)
Copyright (c) 1995-2013 Xilinx, Inc.  All rights reserved.
--> 
Parameter TMPDIR set to xst/projnav.tmp


Total REAL time to Xst completion: 0.00 secs
Total CPU time to Xst completion: 0.06 secs
 
--> 
Parameter xsthdpdir set to xst


Total REAL time to Xst completion: 0.00 secs
Total CPU time to Xst completion: 0.06 secs
 
--> 
Reading design: top_level.prj

TABLE OF CONTENTS
  1) Synthesis Options Summary
  2) HDL Compilation
  3) Design Hierarchy Analysis
  4) HDL Analysis
  5) HDL Synthesis
     5.1) HDL Synthesis Report
  6) Advanced HDL Synthesis
     6.1) Advanced HDL Synthesis Report
  7) Low Level Synthesis
  8) Partition Report
  9) Final Report
	9.1) Device utilization summary
	9.2) Partition Resource Summary
	9.3) TIMING REPORT


=========================================================================
*                      Synthesis Options Summary                        *
=========================================================================
---- Source Parameters
Input File Name                    : "top_level.prj"
Input Format                       : mixed
Ignore Synthesis Constraint File   : NO

---- Target Parameters
Output File Name                   : "top_level"
Output Format                      : NGC
Target Device                      : xc3s500e-4-fg320

---- Source Options
Top Module Name                    : top_level
Automatic FSM Extraction           : YES
FSM Encoding Algorithm             : Auto
Safe Implementation                : No
FSM Style                          : LUT
RAM Extraction                     : Yes
RAM Style                          : Auto
ROM Extraction                     : Yes
Mux Style                          : Auto
Decoder Extraction                 : YES
Priority Encoder Extraction        : Yes
Shift Register Extraction          : YES
Logical Shifter Extraction         : YES
XOR Collapsing                     : YES
ROM Style                          : Auto
Mux Extraction                     : Yes
Resource Sharing                   : YES
Asynchronous To Synchronous        : NO
Multiplier Style                   : Auto
Automatic Register Balancing       : No

---- Target Options
Add IO Buffers                     : YES
Global Maximum Fanout              : 100000
Add Generic Clock Buffer(BUFG)     : 24
Register Duplication               : YES
Slice Packing                      : YES
Optimize Instantiated Primitives   : NO
Use Clock Enable                   : Yes
Use Synchronous Set                : Yes
Use Synchronous Reset              : Yes
Pack IO Registers into IOBs        : Auto
Equivalent register Removal        : YES

---- General Options
Optimization Goal                  : Speed
Optimization Effort                : 1
Keep Hierarchy                     : No
Netlist Hierarchy                  : As_Optimized
RTL Output                         : Yes
Global Optimization                : AllClockNets
Read Cores                         : YES
Write Timing Constraints           : NO
Cross Clock Analysis               : NO
Hierarchy Separator                : /
Bus Delimiter                      : <>
Case Specifier                     : Maintain
Slice Utilization Ratio            : 100
BRAM Utilization Ratio             : 100
Verilog 2001                       : YES
Auto BRAM Packing                  : NO
Slice Utilization Ratio Delta      : 5

=========================================================================


=========================================================================
*                          HDL Compilation                              *
=========================================================================
Compiling vhdl file "/home/linus/Documents/Xilinx/master_thesis/uart/top_level.vhd" in Library work.
Entity <top_level> compiled.
Entity <top_level> (Architecture <behavioral>) compiled.
Entity <clock_generator> compiled.
Entity <clock_generator> (Architecture <behavioral>) compiled.

=========================================================================
*                     Design Hierarchy Analysis                         *
=========================================================================
Analyzing hierarchy for entity <top_level> in library <work> (architecture <behavioral>).

Analyzing hierarchy for entity <clock_generator> in library <work> (architecture <behavioral>) with generics.
	clock_in_speed = 50000000
	clock_out_speed = 9600

Analyzing hierarchy for entity <clock_generator> in library <work> (architecture <behavioral>) with generics.
	clock_in_speed = 50000000
	clock_out_speed = 1


=========================================================================
*                            HDL Analysis                               *
=========================================================================
Analyzing Entity <top_level> in library <work> (Architecture <behavioral>).
Entity <top_level> analyzed. Unit <top_level> generated.

Analyzing generic Entity <clock_generator.1> in library <work> (Architecture <behavioral>).
	clock_in_speed = 50000000
	clock_out_speed = 9600
Entity <clock_generator.1> analyzed. Unit <clock_generator.1> generated.

Analyzing generic Entity <clock_generator.2> in library <work> (Architecture <behavioral>).
	clock_in_speed = 50000000
	clock_out_speed = 1
Entity <clock_generator.2> analyzed. Unit <clock_generator.2> generated.


=========================================================================
*                           HDL Synthesis                               *
=========================================================================

Performing bidirectional port resolution...

Synthesizing Unit <clock_generator_1>.
    Related source file is "/home/linus/Documents/Xilinx/master_thesis/uart/top_level.vhd".
    Found 1-bit register for signal <clock_signal>.
    Found 13-bit up counter for signal <counter>.
    Summary:
	inferred   1 Counter(s).
	inferred   1 D-type flip-flop(s).
Unit <clock_generator_1> synthesized.


Synthesizing Unit <clock_generator_2>.
    Related source file is "/home/linus/Documents/Xilinx/master_thesis/uart/top_level.vhd".
    Found 1-bit register for signal <clock_signal>.
    Found 26-bit up counter for signal <counter>.
    Summary:
	inferred   1 Counter(s).
	inferred   1 D-type flip-flop(s).
Unit <clock_generator_2> synthesized.


Synthesizing Unit <top_level>.
    Related source file is "/home/linus/Documents/Xilinx/master_thesis/uart/top_level.vhd".
    Found finite state machine <FSM_0> for signal <char_index>.
    -----------------------------------------------------------------------
    | States             | 19                                             |
    | Transitions        | 19                                             |
    | Inputs             | 0                                              |
    | Outputs            | 19                                             |
    | Clock              | baudrate_clock            (rising_edge)        |
    | Clock enable       | char_index$not0000        (positive)           |
    | Power Up State     | 00000                                          |
    | Encoding           | automatic                                      |
    | Implementation     | LUT                                            |
    -----------------------------------------------------------------------
    Found 1-bit register for signal <txd>.
    Found 4-bit up counter for signal <bit_counter>.
    Found 1-bit xor2 for signal <bit_counter$xor0000> created at line 73.
    Found 1-bit register for signal <old_second_clock>.
    Found 10-bit register for signal <shift_register>.
    Summary:
	inferred   1 Finite State Machine(s).
	inferred   1 Counter(s).
	inferred  12 D-type flip-flop(s).
Unit <top_level> synthesized.


=========================================================================
HDL Synthesis Report

Macro Statistics
# Counters                                             : 3
 13-bit up counter                                     : 1
 26-bit up counter                                     : 1
 4-bit up counter                                      : 1
# Registers                                            : 5
 1-bit register                                        : 4
 10-bit register                                       : 1
# Xors                                                 : 1
 1-bit xor2                                            : 1

=========================================================================

=========================================================================
*                       Advanced HDL Synthesis                          *
=========================================================================

Analyzing FSM <FSM_0> for best encoding.
Optimizing FSM <char_index/FSM> on signal <char_index[1:19]> with one-hot encoding.
------------------------------
 State | Encoding
------------------------------
 00000 | 0000000000000000001
 00001 | 0000000000000000010
 00010 | 0000000000000000100
 00011 | 0000000000000001000
 00100 | 0000000000000010000
 00101 | 0000000000000100000
 00110 | 0000000000001000000
 00111 | 0000000000010000000
 01000 | 0000000000100000000
 01001 | 0000000001000000000
 01010 | 0000000010000000000
 01011 | 0000000100000000000
 01100 | 0000001000000000000
 01101 | 0000010000000000000
 01110 | 0000100000000000000
 01111 | 0001000000000000000
 10000 | 0010000000000000000
 10001 | 0100000000000000000
 10010 | 1000000000000000000
------------------------------

=========================================================================
Advanced HDL Synthesis Report

Macro Statistics
# FSMs                                                 : 1
# Counters                                             : 3
 13-bit up counter                                     : 1
 26-bit up counter                                     : 1
 4-bit up counter                                      : 1
# Registers                                            : 14
 Flip-Flops                                            : 14
# Xors                                                 : 1
 1-bit xor2                                            : 1

=========================================================================

=========================================================================
*                         Low Level Synthesis                           *
=========================================================================

Optimizing unit <top_level> ...

Mapping all equations...
Building and optimizing final netlist ...
Found area constraint ratio of 100 (+ 5) on block top_level, actual ratio is 1.

Final Macro Processing ...

=========================================================================
Final Register Report

Macro Statistics
# Registers                                            : 76
 Flip-Flops                                            : 76

=========================================================================

=========================================================================
*                           Partition Report                            *
=========================================================================

Partition Implementation Status
-------------------------------

  No Partitions were found in this design.

-------------------------------

=========================================================================
*                            Final Report                               *
=========================================================================
Final Results
RTL Top Level Output File Name     : top_level.ngr
Top Level Output File Name         : top_level
Output Format                      : NGC
Optimization Goal                  : Speed
Keep Hierarchy                     : No

Design Statistics
# IOs                              : 2

Cell Usage :
# BELS                             : 193
#      GND                         : 1
#      INV                         : 5
#      LUT1                        : 37
#      LUT2                        : 5
#      LUT2_L                      : 1
#      LUT3                        : 13
#      LUT3_L                      : 1
#      LUT4                        : 35
#      LUT4_D                      : 1
#      LUT4_L                      : 6
#      MUXCY                       : 44
#      MUXF5                       : 4
#      VCC                         : 1
#      XORCY                       : 39
# FlipFlops/Latches                : 76
#      FDE                         : 32
#      FDR                         : 39
#      FDRE                        : 4
#      FDS                         : 1
# Clock Buffers                    : 2
#      BUFG                        : 1
#      BUFGP                       : 1
# IO Buffers                       : 1
#      OBUF                        : 1
=========================================================================

Device utilization summary:
---------------------------

Selected Device : 3s500efg320-4 

 Number of Slices:                       55  out of   4656     1%  
 Number of Slice Flip Flops:             76  out of   9312     0%  
 Number of 4 input LUTs:                104  out of   9312     1%  
 Number of IOs:                           2
 Number of bonded IOBs:                   2  out of    232     0%  
 Number of GCLKs:                         2  out of     24     8%  

---------------------------
Partition Resource Summary:
---------------------------

  No Partitions were found in this design.

---------------------------


=========================================================================
TIMING REPORT

NOTE: THESE TIMING NUMBERS ARE ONLY A SYNTHESIS ESTIMATE.
      FOR ACCURATE TIMING INFORMATION PLEASE REFER TO THE TRACE REPORT
      GENERATED AFTER PLACE-and-ROUTE.

Clock Information:
------------------
-----------------------------------+------------------------+-------+
Clock Signal                       | Clock buffer(FF name)  | Load  |
-----------------------------------+------------------------+-------+
baudrate_generator/clock_signal1   | BUFG                   | 35    |
clock                              | BUFGP                  | 41    |
-----------------------------------+------------------------+-------+

Asynchronous Control Signals Information:
----------------------------------------
No asynchronous control signals found in this design

Timing Summary:
---------------
Speed Grade: -4

   Minimum period: 6.375ns (Maximum Frequency: 156.863MHz)
   Minimum input arrival time before clock: No path found
   Maximum output required time after clock: 4.283ns
   Maximum combinational path delay: No path found

Timing Detail:
--------------
All values displayed in nanoseconds (ns)

=========================================================================
Timing constraint: Default period analysis for Clock 'baudrate_generator/clock_signal1'
  Clock period: 6.375ns (frequency: 156.863MHz)
  Total number of paths / destination ports: 552 / 73
-------------------------------------------------------------------------
Delay:               6.375ns (Levels of Logic = 4)
  Source:            char_index_FSM_FFd13 (FF)
  Destination:       shift_register_1 (FF)
  Source Clock:      baudrate_generator/clock_signal1 rising
  Destination Clock: baudrate_generator/clock_signal1 rising

  Data Path: char_index_FSM_FFd13 to shift_register_1
                                Gate     Net
    Cell:in->out      fanout   Delay   Delay  Logical Name (Net Name)
    ----------------------------------------  ------------
     FDE:C->Q              3   0.591   0.706  char_index_FSM_FFd13 (char_index_FSM_FFd13)
     LUT4:I0->O            1   0.704   0.595  shift_register_mux0000<9>119 (shift_register_mux0000<9>119)
     LUT4:I0->O            9   0.704   0.824  shift_register_mux0000<9>1136 (N7)
     LUT4:I3->O            3   0.704   0.535  shift_register_or00011 (shift_register_or0001)
     LUT4:I3->O            1   0.704   0.000  shift_register_mux0000<7> (shift_register_mux0000<7>)
     FDE:D                     0.308          shift_register_7
    ----------------------------------------
    Total                      6.375ns (3.715ns logic, 2.660ns route)
                                       (58.3% logic, 41.7% route)

=========================================================================
Timing constraint: Default period analysis for Clock 'clock'
  Clock period: 5.179ns (frequency: 193.101MHz)
  Total number of paths / destination ports: 1328 / 82
-------------------------------------------------------------------------
Delay:               5.179ns (Levels of Logic = 8)
  Source:            second_generator/counter_5 (FF)
  Destination:       second_generator/counter_0 (FF)
  Source Clock:      clock rising
  Destination Clock: clock rising

  Data Path: second_generator/counter_5 to second_generator/counter_0
                                Gate     Net
    Cell:in->out      fanout   Delay   Delay  Logical Name (Net Name)
    ----------------------------------------  ------------
     FDR:C->Q              2   0.591   0.622  second_generator/counter_5 (second_generator/counter_5)
     LUT2:I0->O            1   0.704   0.000  second_generator/counter_cmp_eq0000_wg_lut<0> (second_generator/counter_cmp_eq0000_wg_lut<0>)
     MUXCY:S->O            1   0.464   0.000  second_generator/counter_cmp_eq0000_wg_cy<0> (second_generator/counter_cmp_eq0000_wg_cy<0>)
     MUXCY:CI->O           1   0.059   0.000  second_generator/counter_cmp_eq0000_wg_cy<1> (second_generator/counter_cmp_eq0000_wg_cy<1>)
     MUXCY:CI->O           1   0.059   0.000  second_generator/counter_cmp_eq0000_wg_cy<2> (second_generator/counter_cmp_eq0000_wg_cy<2>)
     MUXCY:CI->O           1   0.059   0.000  second_generator/counter_cmp_eq0000_wg_cy<3> (second_generator/counter_cmp_eq0000_wg_cy<3>)
     MUXCY:CI->O           1   0.059   0.000  second_generator/counter_cmp_eq0000_wg_cy<4> (second_generator/counter_cmp_eq0000_wg_cy<4>)
     MUXCY:CI->O           1   0.059   0.000  second_generator/counter_cmp_eq0000_wg_cy<5> (second_generator/counter_cmp_eq0000_wg_cy<5>)
     MUXCY:CI->O          27   0.331   1.261  second_generator/counter_cmp_eq0000_wg_cy<6> (second_generator/counter_cmp_eq0000)
     FDR:R                     0.911          second_generator/counter_0
    ----------------------------------------
    Total                      5.179ns (3.296ns logic, 1.883ns route)
                                       (63.6% logic, 36.4% route)

=========================================================================
Timing constraint: Default OFFSET OUT AFTER for Clock 'baudrate_generator/clock_signal1'
  Total number of paths / destination ports: 1 / 1
-------------------------------------------------------------------------
Offset:              4.283ns (Levels of Logic = 1)
  Source:            txd (FF)
  Destination:       txd (PAD)
  Source Clock:      baudrate_generator/clock_signal1 rising

  Data Path: txd to txd
                                Gate     Net
    Cell:in->out      fanout   Delay   Delay  Logical Name (Net Name)
    ----------------------------------------  ------------
     FDS:C->Q              1   0.591   0.420  txd (txd_OBUF)
     OBUF:I->O                 3.272          txd_OBUF (txd)
    ----------------------------------------
    Total                      4.283ns (3.863ns logic, 0.420ns route)
                                       (90.2% logic, 9.8% route)

=========================================================================


Total REAL time to Xst completion: 5.00 secs
Total CPU time to Xst completion: 4.23 secs
 
--> 


Total memory usage is 519708 kilobytes

Number of errors   :    0 (   0 filtered)
Number of warnings :    0 (   0 filtered)
Number of infos    :    0 (   0 filtered)

